0 info it worked if it ends with ok
1 verbose cli [ '/Users/Superman/.nvm/versions/node/v6.1.0/bin/node',
1 verbose cli   '/Users/Superman/.nvm/versions/node/v6.1.0/bin/npm',
1 verbose cli   'run',
1 verbose cli   'test' ]
2 info using npm@3.8.6
3 info using node@v6.1.0
4 verbose run-script [ 'pretest', 'test', 'posttest' ]
5 info lifecycle webpack-typescript-starter@0.0.1~pretest: webpack-typescript-starter@0.0.1
6 silly lifecycle webpack-typescript-starter@0.0.1~pretest: no script for pretest, continuing
7 info lifecycle webpack-typescript-starter@0.0.1~test: webpack-typescript-starter@0.0.1
8 verbose lifecycle webpack-typescript-starter@0.0.1~test: unsafe-perm in lifecycle true
9 verbose lifecycle webpack-typescript-starter@0.0.1~test: PATH: /Users/Superman/.nvm/versions/node/v6.1.0/lib/node_modules/npm/bin/node-gyp-bin:/Users/Superman/Desktop/apps/Money/node_modules/.bin:/Users/Superman/.nvm/versions/node/v6.1.0/bin:/Users/Superman/.nvm/versions/node/v6.1.0/bin:/Applications/XAMPP/xamppfiles/bin:/usr/local/bin:/usr/bin:/bin:/usr/sbin:/sbin
10 verbose lifecycle webpack-typescript-starter@0.0.1~test: CWD: /Users/Superman/Desktop/apps/Money
11 silly lifecycle webpack-typescript-starter@0.0.1~test: Args: [ '-c', 'karma start karma.config.js' ]
12 silly lifecycle webpack-typescript-starter@0.0.1~test: Returned: code: 1  signal: null
13 info lifecycle webpack-typescript-starter@0.0.1~test: Failed to exec test script
14 verbose stack Error: webpack-typescript-starter@0.0.1 test: `karma start karma.config.js`
14 verbose stack Exit status 1
14 verbose stack     at EventEmitter.<anonymous> (/Users/Superman/.nvm/versions/node/v6.1.0/lib/node_modules/npm/lib/utils/lifecycle.js:239:16)
14 verbose stack     at emitTwo (events.js:106:13)
14 verbose stack     at EventEmitter.emit (events.js:191:7)
14 verbose stack     at ChildProcess.<anonymous> (/Users/Superman/.nvm/versions/node/v6.1.0/lib/node_modules/npm/lib/utils/spawn.js:24:14)
14 verbose stack     at emitTwo (events.js:106:13)
14 verbose stack     at ChildProcess.emit (events.js:191:7)
14 verbose stack     at maybeClose (internal/child_process.js:850:16)
14 verbose stack     at Process.ChildProcess._handle.onexit (internal/child_process.js:215:5)
15 verbose pkgid webpack-typescript-starter@0.0.1
16 verbose cwd /Users/Superman/Desktop/apps/Money
17 error Darwin 16.4.0
18 error argv "/Users/Superman/.nvm/versions/node/v6.1.0/bin/node" "/Users/Superman/.nvm/versions/node/v6.1.0/bin/npm" "run" "test"
19 error node v6.1.0
20 error npm  v3.8.6
21 error code ELIFECYCLE
22 error webpack-typescript-starter@0.0.1 test: `karma start karma.config.js`
22 error Exit status 1
23 error Failed at the webpack-typescript-starter@0.0.1 test script 'karma start karma.config.js'.
23 error Make sure you have the latest version of node.js and npm installed.
23 error If you do, this is most likely a problem with the webpack-typescript-starter package,
23 error not with npm itself.
23 error Tell the author that this fails on your system:
23 error     karma start karma.config.js
23 error You can get information on how to open an issue for this project with:
23 error     npm bugs webpack-typescript-starter
23 error Or if that isn't available, you can get their info via:
23 error     npm owner ls webpack-typescript-starter
23 error There is likely additional logging output above.
24 verbose exit [ 1, true ]
